#
# There is insufficient memory for the Java Runtime Environment to continue.
# Native memory allocation (malloc) failed to allocate 32744 bytes. Error detail: ChunkPool::allocate
# Possible reasons:
#   The system is out of physical RAM or swap space
#   This process is running with CompressedOops enabled, and the Java Heap may be blocking the growth of the native heap
# Possible solutions:
#   Reduce memory load on the system
#   Increase physical memory or swap space
#   Check if swap backing store is full
#   Decrease Java heap size (-Xmx/-Xms)
#   Decrease number of Java threads
#   Decrease Java thread stack sizes (-Xss)
#   Set larger code cache with -XX:ReservedCodeCacheSize=
#   JVM is running with Unscaled Compressed Oops mode in which the Java heap is
#     placed in the first 4GB address space. The Java Heap base address is the
#     maximum limit for the native heap growth. Please use -XX:HeapBaseMinAddress
#     to set the Java Heap base and to place the Java Heap above 4GB virtual address.
# This output file may be truncated or incomplete.
#
#  Out of Memory Error (arena.cpp:79), pid=24204, tid=11228
#
# JRE version: OpenJDK Runtime Environment Corretto-17.0.11.9.1 (17.0.11+9) (build 17.0.11+9-LTS)
# Java VM: OpenJDK 64-Bit Server VM Corretto-17.0.11.9.1 (17.0.11+9-LTS, mixed mode, sharing, tiered, compressed oops, compressed class ptrs, g1 gc, windows-amd64)
# No core dump will be written. Minidumps are not enabled by default on client versions of Windows
#

---------------  S U M M A R Y ------------

Command Line: -Xmx64m -Xms64m -Dorg.gradle.appname=gradlew org.gradle.wrapper.GradleWrapperMain app:installDebug -PreactNativeDevServerPort=8081

Host: AMD Athlon Gold 3150U with Radeon Graphics     , 4 cores, 5G,  Windows 11 , 64 bit Build 22621 (10.0.22621.3672)
Time: Mon Jul  1 19:25:19 2024 Malay Peninsula Standard Time elapsed time: 32.532105 seconds (0d 0h 0m 32s)

---------------  T H R E A D  ---------------

Current thread (0x0000018468ddb730):  JavaThread "C1 CompilerThread0" daemon [_thread_in_native, id=11228, stack(0x0000000586b00000,0x0000000586c00000)]


Current CompileTask:
C1:  32532 1381       3       org.gradle.internal.logging.console.ProgressBar::formatProgress (328 bytes)

Stack: [0x0000000586b00000,0x0000000586c00000]
Native frames: (J=compiled Java code, j=interpreted, Vv=VM code, C=native code)
V  [jvm.dll+0x67d009]
V  [jvm.dll+0x83489a]
V  [jvm.dll+0x83635e]
V  [jvm.dll+0x8369c3]
V  [jvm.dll+0x2479df]
V  [jvm.dll+0xac731]
V  [jvm.dll+0xacb7c]
V  [jvm.dll+0x17b053]
V  [jvm.dll+0x179594]
V  [jvm.dll+0x17985a]
V  [jvm.dll+0x17c2f3]
V  [jvm.dll+0x136573]
V  [jvm.dll+0x135e7f]
V  [jvm.dll+0x1360b6]
V  [jvm.dll+0x13554a]
V  [jvm.dll+0x137201]
V  [jvm.dll+0x22920d]
V  [jvm.dll+0x2273dc]
V  [jvm.dll+0x7e9a07]
V  [jvm.dll+0x7e3e0a]
V  [jvm.dll+0x67bef5]
C  [ucrtbase.dll+0x29333]
C  [KERNEL32.DLL+0x1257d]
C  [ntdll.dll+0x5af28]


---------------  P R O C E S S  ---------------

Threads class SMR info:
_java_thread_list=0x0000018447c003f0, length=15, elements={
0x0000018468d2c330, 0x0000018468dbc5a0, 0x0000018468dbd420, 0x0000018468dd4080,
0x0000018468dd6b50, 0x0000018468dd7510, 0x0000018468dd7ed0, 0x0000018468dd8c70,
0x0000018468ddb730, 0x000001847ff0e6f0, 0x00000184471559a0, 0x0000018447158f00,
0x0000018447a384b0, 0x0000018447ced5a0, 0x00000184479f5d80
}

Java Threads: ( => current thread )
  0x0000018468d2c330 JavaThread "main" [_thread_in_native, id=23384, stack(0x0000000585d00000,0x0000000585e00000)]
  0x0000018468dbc5a0 JavaThread "Reference Handler" daemon [_thread_blocked, id=13572, stack(0x0000000586400000,0x0000000586500000)]
  0x0000018468dbd420 JavaThread "Finalizer" daemon [_thread_blocked, id=16916, stack(0x0000000586500000,0x0000000586600000)]
  0x0000018468dd4080 JavaThread "Signal Dispatcher" daemon [_thread_blocked, id=15912, stack(0x0000000586600000,0x0000000586700000)]
  0x0000018468dd6b50 JavaThread "Attach Listener" daemon [_thread_blocked, id=6256, stack(0x0000000586700000,0x0000000586800000)]
  0x0000018468dd7510 JavaThread "Service Thread" daemon [_thread_blocked, id=14344, stack(0x0000000586800000,0x0000000586900000)]
  0x0000018468dd7ed0 JavaThread "Monitor Deflation Thread" daemon [_thread_blocked, id=6120, stack(0x0000000586900000,0x0000000586a00000)]
  0x0000018468dd8c70 JavaThread "C2 CompilerThread0" daemon [_thread_blocked, id=9400, stack(0x0000000586a00000,0x0000000586b00000)]
=>0x0000018468ddb730 JavaThread "C1 CompilerThread0" daemon [_thread_in_native, id=11228, stack(0x0000000586b00000,0x0000000586c00000)]
  0x000001847ff0e6f0 JavaThread "Sweeper thread" daemon [_thread_blocked, id=18340, stack(0x0000000586c00000,0x0000000586d00000)]
  0x00000184471559a0 JavaThread "Notification Thread" daemon [_thread_blocked, id=11556, stack(0x0000000586d00000,0x0000000586e00000)]
  0x0000018447158f00 JavaThread "Common-Cleaner" daemon [_thread_blocked, id=1200, stack(0x0000000586f00000,0x0000000587000000)]
  0x0000018447a384b0 JavaThread "pool-1-thread-1" [_thread_blocked, id=5188, stack(0x0000000587300000,0x0000000587400000)]
  0x0000018447ced5a0 JavaThread "DisconnectableInputStream source reader" daemon [_thread_in_native, id=7436, stack(0x0000000587500000,0x0000000587600000)]
  0x00000184479f5d80 JavaThread "Forward input" [_thread_blocked, id=9412, stack(0x0000000587600000,0x0000000587700000)]

Other Threads:
  0x0000018468db82c0 VMThread "VM Thread" [stack: 0x0000000586300000,0x0000000586400000] [id=19616]
  0x00000184471582a0 WatcherThread [stack: 0x0000000586e00000,0x0000000586f00000] [id=24348]
  0x0000018468d4aa60 GCTaskThread "GC Thread#0" [stack: 0x0000000585e00000,0x0000000585f00000] [id=12496]
  0x000001844754ee20 GCTaskThread "GC Thread#1" [stack: 0x0000000587000000,0x0000000587100000] [id=18884]
  0x00000184474db3c0 GCTaskThread "GC Thread#2" [stack: 0x0000000587100000,0x0000000587200000] [id=22048]
  0x00000184474db680 GCTaskThread "GC Thread#3" [stack: 0x0000000587200000,0x0000000587300000] [id=16864]
  0x0000018468d4c1b0 ConcurrentGCThread "G1 Main Marker" [stack: 0x0000000585f00000,0x0000000586000000] [id=5896]
  0x0000018468d4dbe0 ConcurrentGCThread "G1 Conc#0" [stack: 0x0000000586000000,0x0000000586100000] [id=22204]
  0x0000018468d9a720 ConcurrentGCThread "G1 Refine#0" [stack: 0x0000000586100000,0x0000000586200000] [id=23256]
  0x0000018468d9b150 ConcurrentGCThread "G1 Service" [stack: 0x0000000586200000,0x0000000586300000] [id=20660]

Threads with active compile tasks:
C1 CompilerThread0    32576 1381       3       org.gradle.internal.logging.console.ProgressBar::formatProgress (328 bytes)

VM state: not at safepoint (normal execution)

VM Mutex/Monitor currently owned by a thread: None

Heap address: 0x00000000fc000000, size: 64 MB, Compressed Oops mode: 32-bit

CDS archive(s) mapped at: [0x0000018402000000-0x0000018402bb0000-0x0000018402bb0000), size 12255232, SharedBaseAddress: 0x0000018402000000, ArchiveRelocationMode: 1.
Compressed class space mapped at: 0x0000018403000000-0x0000018443000000, reserved size: 1073741824
Narrow klass base: 0x0000018402000000, Narrow klass shift: 0, Narrow klass range: 0x100000000

GC Precious Log:
 CPUs: 4 total, 4 available
 Memory: 6020M
 Large Page Support: Disabled
 NUMA Support: Disabled
 Compressed Oops: Enabled (32-bit)
 Heap Region Size: 1M
 Heap Min Capacity: 64M
 Heap Initial Capacity: 64M
 Heap Max Capacity: 64M
 Pre-touch: Disabled
 Parallel Workers: 4
 Concurrent Workers: 1
 Concurrent Refinement Workers: 4
 Periodic GC: Disabled

Heap:
 garbage-first heap   total 65536K, used 22518K [0x00000000fc000000, 0x0000000100000000)
  region size 1024K, 15 young (15360K), 3 survivors (3072K)
 Metaspace       used 8984K, committed 9216K, reserved 1114112K
  class space    used 1195K, committed 1280K, reserved 1048576K

Heap Regions: E=young(eden), S=young(survivor), O=old, HS=humongous(starts), HC=humongous(continues), CS=collection set, F=free, OA=open archive, CA=closed archive, TAMS=top-at-mark-start (previous, next)
|   0|0x00000000fc000000, 0x00000000fc100000, 0x00000000fc100000|100%| O|  |TAMS 0x00000000fc000000, 0x00000000fc000000| Untracked 
|   1|0x00000000fc100000, 0x00000000fc200000, 0x00000000fc200000|100%| O|  |TAMS 0x00000000fc100000, 0x00000000fc100000| Untracked 
|   2|0x00000000fc200000, 0x00000000fc300000, 0x00000000fc300000|100%|HS|  |TAMS 0x00000000fc200000, 0x00000000fc200000| Complete 
|   3|0x00000000fc300000, 0x00000000fc400000, 0x00000000fc400000|100%|HC|  |TAMS 0x00000000fc300000, 0x00000000fc300000| Complete 
|   4|0x00000000fc400000, 0x00000000fc500000, 0x00000000fc500000|100%|HC|  |TAMS 0x00000000fc400000, 0x00000000fc400000| Complete 
|   5|0x00000000fc500000, 0x00000000fc600000, 0x00000000fc600000|100%|HC|  |TAMS 0x00000000fc500000, 0x00000000fc500000| Complete 
|   6|0x00000000fc600000, 0x00000000fc700000, 0x00000000fc700000|100%| O|  |TAMS 0x00000000fc600000, 0x00000000fc600000| Untracked 
|   7|0x00000000fc700000, 0x00000000fc7fda00, 0x00000000fc800000| 99%| O|  |TAMS 0x00000000fc700000, 0x00000000fc700000| Untracked 
|   8|0x00000000fc800000, 0x00000000fc800000, 0x00000000fc900000|  0%| F|  |TAMS 0x00000000fc800000, 0x00000000fc800000| Untracked 
|   9|0x00000000fc900000, 0x00000000fc900000, 0x00000000fca00000|  0%| F|  |TAMS 0x00000000fc900000, 0x00000000fc900000| Untracked 
|  10|0x00000000fca00000, 0x00000000fca00000, 0x00000000fcb00000|  0%| F|  |TAMS 0x00000000fca00000, 0x00000000fca00000| Untracked 
|  11|0x00000000fcb00000, 0x00000000fcb00000, 0x00000000fcc00000|  0%| F|  |TAMS 0x00000000fcb00000, 0x00000000fcb00000| Untracked 
|  12|0x00000000fcc00000, 0x00000000fcc00000, 0x00000000fcd00000|  0%| F|  |TAMS 0x00000000fcc00000, 0x00000000fcc00000| Untracked 
|  13|0x00000000fcd00000, 0x00000000fcd00000, 0x00000000fce00000|  0%| F|  |TAMS 0x00000000fcd00000, 0x00000000fcd00000| Untracked 
|  14|0x00000000fce00000, 0x00000000fce00000, 0x00000000fcf00000|  0%| F|  |TAMS 0x00000000fce00000, 0x00000000fce00000| Untracked 
|  15|0x00000000fcf00000, 0x00000000fcf00000, 0x00000000fd000000|  0%| F|  |TAMS 0x00000000fcf00000, 0x00000000fcf00000| Untracked 
|  16|0x00000000fd000000, 0x00000000fd000000, 0x00000000fd100000|  0%| F|  |TAMS 0x00000000fd000000, 0x00000000fd000000| Untracked 
|  17|0x00000000fd100000, 0x00000000fd100000, 0x00000000fd200000|  0%| F|  |TAMS 0x00000000fd100000, 0x00000000fd100000| Untracked 
|  18|0x00000000fd200000, 0x00000000fd200000, 0x00000000fd300000|  0%| F|  |TAMS 0x00000000fd200000, 0x00000000fd200000| Untracked 
|  19|0x00000000fd300000, 0x00000000fd300000, 0x00000000fd400000|  0%| F|  |TAMS 0x00000000fd300000, 0x00000000fd300000| Untracked 
|  20|0x00000000fd400000, 0x00000000fd400000, 0x00000000fd500000|  0%| F|  |TAMS 0x00000000fd400000, 0x00000000fd400000| Untracked 
|  21|0x00000000fd500000, 0x00000000fd500000, 0x00000000fd600000|  0%| F|  |TAMS 0x00000000fd500000, 0x00000000fd500000| Untracked 
|  22|0x00000000fd600000, 0x00000000fd600000, 0x00000000fd700000|  0%| F|  |TAMS 0x00000000fd600000, 0x00000000fd600000| Untracked 
|  23|0x00000000fd700000, 0x00000000fd700000, 0x00000000fd800000|  0%| F|  |TAMS 0x00000000fd700000, 0x00000000fd700000| Untracked 
|  24|0x00000000fd800000, 0x00000000fd800000, 0x00000000fd900000|  0%| F|  |TAMS 0x00000000fd800000, 0x00000000fd800000| Untracked 
|  25|0x00000000fd900000, 0x00000000fd900000, 0x00000000fda00000|  0%| F|  |TAMS 0x00000000fd900000, 0x00000000fd900000| Untracked 
|  26|0x00000000fda00000, 0x00000000fda00000, 0x00000000fdb00000|  0%| F|  |TAMS 0x00000000fda00000, 0x00000000fda00000| Untracked 
|  27|0x00000000fdb00000, 0x00000000fdb00000, 0x00000000fdc00000|  0%| F|  |TAMS 0x00000000fdb00000, 0x00000000fdb00000| Untracked 
|  28|0x00000000fdc00000, 0x00000000fdc00000, 0x00000000fdd00000|  0%| F|  |TAMS 0x00000000fdc00000, 0x00000000fdc00000| Untracked 
|  29|0x00000000fdd00000, 0x00000000fdd00000, 0x00000000fde00000|  0%| F|  |TAMS 0x00000000fdd00000, 0x00000000fdd00000| Untracked 
|  30|0x00000000fde00000, 0x00000000fde00000, 0x00000000fdf00000|  0%| F|  |TAMS 0x00000000fde00000, 0x00000000fde00000| Untracked 
|  31|0x00000000fdf00000, 0x00000000fdf00000, 0x00000000fe000000|  0%| F|  |TAMS 0x00000000fdf00000, 0x00000000fdf00000| Untracked 
|  32|0x00000000fe000000, 0x00000000fe000000, 0x00000000fe100000|  0%| F|  |TAMS 0x00000000fe000000, 0x00000000fe000000| Untracked 
|  33|0x00000000fe100000, 0x00000000fe100000, 0x00000000fe200000|  0%| F|  |TAMS 0x00000000fe100000, 0x00000000fe100000| Untracked 
|  34|0x00000000fe200000, 0x00000000fe200000, 0x00000000fe300000|  0%| F|  |TAMS 0x00000000fe200000, 0x00000000fe200000| Untracked 
|  35|0x00000000fe300000, 0x00000000fe300000, 0x00000000fe400000|  0%| F|  |TAMS 0x00000000fe300000, 0x00000000fe300000| Untracked 
|  36|0x00000000fe400000, 0x00000000fe400000, 0x00000000fe500000|  0%| F|  |TAMS 0x00000000fe400000, 0x00000000fe400000| Untracked 
|  37|0x00000000fe500000, 0x00000000fe500000, 0x00000000fe600000|  0%| F|  |TAMS 0x00000000fe500000, 0x00000000fe500000| Untracked 
|  38|0x00000000fe600000, 0x00000000fe600000, 0x00000000fe700000|  0%| F|  |TAMS 0x00000000fe600000, 0x00000000fe600000| Untracked 
|  39|0x00000000fe700000, 0x00000000fe700000, 0x00000000fe800000|  0%| F|  |TAMS 0x00000000fe700000, 0x00000000fe700000| Untracked 
|  40|0x00000000fe800000, 0x00000000fe800000, 0x00000000fe900000|  0%| F|  |TAMS 0x00000000fe800000, 0x00000000fe800000| Untracked 
|  41|0x00000000fe900000, 0x00000000fe900000, 0x00000000fea00000|  0%| F|  |TAMS 0x00000000fe900000, 0x00000000fe900000| Untracked 
|  42|0x00000000fea00000, 0x00000000fea00000, 0x00000000feb00000|  0%| F|  |TAMS 0x00000000fea00000, 0x00000000fea00000| Untracked 
|  43|0x00000000feb00000, 0x00000000fec00000, 0x00000000fec00000|100%| S|CS|TAMS 0x00000000feb00000, 0x00000000feb00000| Complete 
|  44|0x00000000fec00000, 0x00000000fed00000, 0x00000000fed00000|100%| S|CS|TAMS 0x00000000fec00000, 0x00000000fec00000| Complete 
|  45|0x00000000fed00000, 0x00000000fee00000, 0x00000000fee00000|100%| S|CS|TAMS 0x00000000fed00000, 0x00000000fed00000| Complete 
|  46|0x00000000fee00000, 0x00000000fee00000, 0x00000000fef00000|  0%| F|  |TAMS 0x00000000fee00000, 0x00000000fee00000| Untracked 
|  47|0x00000000fef00000, 0x00000000fef00000, 0x00000000ff000000|  0%| F|  |TAMS 0x00000000fef00000, 0x00000000fef00000| Untracked 
|  48|0x00000000ff000000, 0x00000000ff000000, 0x00000000ff100000|  0%| F|  |TAMS 0x00000000ff000000, 0x00000000ff000000| Untracked 
|  49|0x00000000ff100000, 0x00000000ff100000, 0x00000000ff200000|  0%| F|  |TAMS 0x00000000ff100000, 0x00000000ff100000| Untracked 
|  50|0x00000000ff200000, 0x00000000ff200000, 0x00000000ff300000|  0%| F|  |TAMS 0x00000000ff200000, 0x00000000ff200000| Untracked 
|  51|0x00000000ff300000, 0x00000000ff300000, 0x00000000ff400000|  0%| F|  |TAMS 0x00000000ff300000, 0x00000000ff300000| Untracked 
|  52|0x00000000ff400000, 0x00000000ff4376f0, 0x00000000ff500000| 21%| E|  |TAMS 0x00000000ff400000, 0x00000000ff400000| Complete 
|  53|0x00000000ff500000, 0x00000000ff600000, 0x00000000ff600000|100%| E|CS|TAMS 0x00000000ff500000, 0x00000000ff500000| Complete 
|  54|0x00000000ff600000, 0x00000000ff700000, 0x00000000ff700000|100%| E|CS|TAMS 0x00000000ff600000, 0x00000000ff600000| Complete 
|  55|0x00000000ff700000, 0x00000000ff800000, 0x00000000ff800000|100%| E|CS|TAMS 0x00000000ff700000, 0x00000000ff700000| Complete 
|  56|0x00000000ff800000, 0x00000000ff900000, 0x00000000ff900000|100%| E|CS|TAMS 0x00000000ff800000, 0x00000000ff800000| Complete 
|  57|0x00000000ff900000, 0x00000000ffa00000, 0x00000000ffa00000|100%| E|CS|TAMS 0x00000000ff900000, 0x00000000ff900000| Complete 
|  58|0x00000000ffa00000, 0x00000000ffb00000, 0x00000000ffb00000|100%| E|CS|TAMS 0x00000000ffa00000, 0x00000000ffa00000| Complete 
|  59|0x00000000ffb00000, 0x00000000ffc00000, 0x00000000ffc00000|100%| E|CS|TAMS 0x00000000ffb00000, 0x00000000ffb00000| Complete 
|  60|0x00000000ffc00000, 0x00000000ffd00000, 0x00000000ffd00000|100%| E|CS|TAMS 0x00000000ffc00000, 0x00000000ffc00000| Complete 
|  61|0x00000000ffd00000, 0x00000000ffe00000, 0x00000000ffe00000|100%| E|CS|TAMS 0x00000000ffd00000, 0x00000000ffd00000| Complete 
|  62|0x00000000ffe00000, 0x00000000fff00000, 0x00000000fff00000|100%| E|CS|TAMS 0x00000000ffe00000, 0x00000000ffe00000| Complete 
|  63|0x00000000fff00000, 0x0000000100000000, 0x0000000100000000|100%| E|CS|TAMS 0x00000000fff00000, 0x00000000fff00000| Complete 

Card table byte_map: [0x0000018468b50000,0x0000018468b70000] _byte_map_base: 0x0000018468370000

Marking Bits (Prev, Next): (CMBitMap*) 0x0000018468d4b080, (CMBitMap*) 0x0000018468d4b0c0
 Prev Bits: [0x0000018468b90000, 0x0000018468c90000)
 Next Bits: [0x000001847f840000, 0x000001847f940000)

Polling page: 0x00000184684e0000

Metaspace:

Usage:
  Non-class:      7.61 MB used.
      Class:      1.17 MB used.
       Both:      8.77 MB used.

Virtual space:
  Non-class space:       64.00 MB reserved,       7.75 MB ( 12%) committed,  1 nodes.
      Class space:        1.00 GB reserved,       1.25 MB ( <1%) committed,  1 nodes.
             Both:        1.06 GB reserved,       9.00 MB ( <1%) committed. 

Chunk freelists:
   Non-Class:  7.84 MB
       Class:  14.61 MB
        Both:  22.45 MB

MaxMetaspaceSize: unlimited
CompressedClassSpaceSize: 1.00 GB
Initial GC threshold: 21.00 MB
Current GC threshold: 21.00 MB
CDS: on
MetaspaceReclaimPolicy: balanced
 - commit_granule_bytes: 65536.
 - commit_granule_words: 8192.
 - virtual_space_node_default_size: 8388608.
 - enlarge_chunks_in_place: 1.
 - new_chunks_are_fully_committed: 0.
 - uncommit_free_chunks: 1.
 - use_allocation_guard: 0.
 - handle_deallocations: 1.


Internal statistics:

num_allocs_failed_limit: 0.
num_arena_births: 76.
num_arena_deaths: 0.
num_vsnodes_births: 2.
num_vsnodes_deaths: 0.
num_space_committed: 144.
num_space_uncommitted: 0.
num_chunks_returned_to_freelist: 0.
num_chunks_taken_from_freelist: 309.
num_chunk_merges: 0.
num_chunk_splits: 223.
num_chunks_enlarged: 184.
num_inconsistent_stats: 0.

CodeHeap 'non-profiled nmethods': size=120000Kb used=504Kb max_used=504Kb free=119495Kb
 bounds [0x0000018478310000, 0x0000018478580000, 0x000001847f840000]
CodeHeap 'profiled nmethods': size=120000Kb used=2600Kb max_used=2600Kb free=117399Kb
 bounds [0x0000018470840000, 0x0000018470ad0000, 0x0000018477d70000]
CodeHeap 'non-nmethods': size=5760Kb used=1168Kb max_used=1183Kb free=4591Kb
 bounds [0x0000018477d70000, 0x0000018477fe0000, 0x0000018478310000]
 total_blobs=1846 nmethods=1380 adapters=379
 compilation: enabled
              stopped_count=0, restarted_count=0
 full_count=0

Compilation events (20 events):
Event: 30.425 Thread 0x0000018468ddb730 nmethod 1371 0x0000018470ac5d90 code [0x0000018470ac5f40, 0x0000018470ac61b8]
Event: 30.605 Thread 0x0000018468ddb730 1372       3       org.gradle.internal.logging.sink.GroupingProgressLogEventGenerator$OperationGroup::timeoutExpired (17 bytes)
Event: 30.605 Thread 0x0000018468ddb730 nmethod 1372 0x0000018470ac6310 code [0x0000018470ac64a0, 0x0000018470ac6618]
Event: 30.605 Thread 0x0000018468ddb730 1373       3       org.gradle.internal.logging.console.MultiLineBuildProgressArea::parkCursor (26 bytes)
Event: 30.605 Thread 0x0000018468ddb730 nmethod 1373 0x0000018470ac6690 code [0x0000018470ac6860, 0x0000018470ac6bf8]
Event: 30.704 Thread 0x0000018468ddb730 1374       3       java.util.AbstractList::equals (117 bytes)
Event: 30.705 Thread 0x0000018468ddb730 nmethod 1374 0x0000018470ac6d90 code [0x0000018470ac7000, 0x0000018470ac7d88]
Event: 31.009 Thread 0x0000018468dd8c70 1375       4       java.util.ArrayList::add (25 bytes)
Event: 31.012 Thread 0x0000018468dd8c70 nmethod 1375 0x000001847838dc90 code [0x000001847838de20, 0x000001847838e028]
Event: 31.207 Thread 0x0000018468ddb730 1376       3       java.util.Collections::singletonList (9 bytes)
Event: 31.207 Thread 0x0000018468ddb730 nmethod 1376 0x0000018470ac8010 code [0x0000018470ac81c0, 0x0000018470ac84d8]
Event: 31.801 Thread 0x0000018468ddb730 1377       3       java.lang.StringBuilder::append (8 bytes)
Event: 31.801 Thread 0x0000018468ddb730 nmethod 1377 0x0000018470ac8610 code [0x0000018470ac87a0, 0x0000018470ac88e8]
Event: 31.801 Thread 0x0000018468ddb730 1379       3       java.lang.Long::stringSize (55 bytes)
Event: 31.801 Thread 0x0000018468ddb730 nmethod 1379 0x0000018470ac8990 code [0x0000018470ac8b40, 0x0000018470ac8dd8]
Event: 31.801 Thread 0x0000018468ddb730 1380       3       java.lang.Long::getChars (208 bytes)
Event: 31.802 Thread 0x0000018468ddb730 nmethod 1380 0x0000018470ac8e90 code [0x0000018470ac9080, 0x0000018470ac9698]
Event: 31.802 Thread 0x0000018468ddb730 1378       3       java.lang.AbstractStringBuilder::append (60 bytes)
Event: 31.802 Thread 0x0000018468ddb730 nmethod 1378 0x0000018470ac9a10 code [0x0000018470ac9be0, 0x0000018470ac9f18]
Event: 32.515 Thread 0x0000018468ddb730 1381       3       org.gradle.internal.logging.console.ProgressBar::formatProgress (328 bytes)

GC Heap History (4 events):
Event: 1.419 GC heap before
{Heap before GC invocations=0 (full 0):
 garbage-first heap   total 65536K, used 12288K [0x00000000fc000000, 0x0000000100000000)
  region size 1024K, 13 young (13312K), 0 survivors (0K)
 Metaspace       used 1845K, committed 1984K, reserved 1114112K
  class space    used 167K, committed 192K, reserved 1048576K
}
Event: 1.457 GC heap after
{Heap after GC invocations=1 (full 0):
 garbage-first heap   total 65536K, used 3720K [0x00000000fc000000, 0x0000000100000000)
  region size 1024K, 2 young (2048K), 2 survivors (2048K)
 Metaspace       used 1845K, committed 1984K, reserved 1114112K
  class space    used 167K, committed 192K, reserved 1048576K
}
Event: 3.378 GC heap before
{Heap before GC invocations=1 (full 0):
 garbage-first heap   total 65536K, used 23176K [0x00000000fc000000, 0x0000000100000000)
  region size 1024K, 18 young (18432K), 2 survivors (2048K)
 Metaspace       used 5340K, committed 5504K, reserved 1114112K
  class space    used 705K, committed 768K, reserved 1048576K
}
Event: 3.383 GC heap after
{Heap after GC invocations=2 (full 0):
 garbage-first heap   total 65536K, used 11254K [0x00000000fc000000, 0x0000000100000000)
  region size 1024K, 3 young (3072K), 3 survivors (3072K)
 Metaspace       used 5340K, committed 5504K, reserved 1114112K
  class space    used 705K, committed 768K, reserved 1048576K
}

Dll operation events (13 events):
Event: 0.020 Loaded shared library C:\Program Files\Amazon Corretto\jdk17.0.11_9\bin\java.dll
Event: 0.105 Loaded shared library C:\Program Files\Amazon Corretto\jdk17.0.11_9\bin\jsvml.dll
Event: 0.223 Loaded shared library C:\Program Files\Amazon Corretto\jdk17.0.11_9\bin\net.dll
Event: 0.225 Loaded shared library C:\Program Files\Amazon Corretto\jdk17.0.11_9\bin\nio.dll
Event: 0.232 Loaded shared library C:\Program Files\Amazon Corretto\jdk17.0.11_9\bin\zip.dll
Event: 1.207 Loaded shared library C:\Program Files\Amazon Corretto\jdk17.0.11_9\bin\jimage.dll
Event: 1.624 Loaded shared library C:\Program Files\Amazon Corretto\jdk17.0.11_9\bin\verify.dll
Event: 3.082 Loaded shared library C:\Users\LENOVO\.gradle\native\68d5fa5c4cc2d200863cafc0d521ce42e7d3e7ee720ec0a83991735586a16f82\windows-amd64\native-platform.dll
Event: 3.136 Loaded shared library C:\Users\LENOVO\.gradle\native\jansi\1.18\windows64\jansi.dll
Event: 3.569 Loaded shared library C:\Program Files\Amazon Corretto\jdk17.0.11_9\bin\management.dll
Event: 3.580 Loaded shared library C:\Program Files\Amazon Corretto\jdk17.0.11_9\bin\management_ext.dll
Event: 4.980 Loaded shared library C:\Program Files\Amazon Corretto\jdk17.0.11_9\bin\extnet.dll
Event: 5.696 Loaded shared library C:\Program Files\Amazon Corretto\jdk17.0.11_9\bin\sunmscapi.dll

Deoptimization events (20 events):
Event: 3.602 Thread 0x0000018468d2c330 Uncommon trap: trap_request=0xffffff45 fr.pc=0x000001847834512c relative=0x000000000000100c
Event: 3.602 Thread 0x0000018468d2c330 Uncommon trap: reason=unstable_if action=reinterpret pc=0x000001847834512c method=java.util.HashMap.putVal(ILjava/lang/Object;Ljava/lang/Object;ZZ)Ljava/lang/Object; @ 236 c2
Event: 3.602 Thread 0x0000018468d2c330 DEOPT PACKING pc=0x000001847834512c sp=0x0000000585dfb9e0
Event: 3.602 Thread 0x0000018468d2c330 DEOPT UNPACKING pc=0x0000018477dc69a3 sp=0x0000000585dfb9a8 mode 2
Event: 3.671 Thread 0x0000018468d2c330 DEOPT PACKING pc=0x00000184709432b8 sp=0x0000000585df97e0
Event: 3.672 Thread 0x0000018468d2c330 DEOPT UNPACKING pc=0x0000018477dc7143 sp=0x0000000585df8cf8 mode 0
Event: 3.677 Thread 0x0000018468d2c330 DEOPT PACKING pc=0x00000184708e99e5 sp=0x0000000585df73e0
Event: 3.677 Thread 0x0000018468d2c330 DEOPT UNPACKING pc=0x0000018477dc7143 sp=0x0000000585df6830 mode 0
Event: 5.099 Thread 0x0000018468d2c330 Uncommon trap: trap_request=0xffffff45 fr.pc=0x00000184783467d8 relative=0x0000000000000618
Event: 5.099 Thread 0x0000018468d2c330 Uncommon trap: reason=unstable_if action=reinterpret pc=0x00000184783467d8 method=java.lang.AbstractStringBuilder.append(Ljava/lang/String;)Ljava/lang/AbstractStringBuilder; @ 1 c2
Event: 5.099 Thread 0x0000018468d2c330 DEOPT PACKING pc=0x00000184783467d8 sp=0x0000000585dfc240
Event: 5.099 Thread 0x0000018468d2c330 DEOPT UNPACKING pc=0x0000018477dc69a3 sp=0x0000000585dfc1c0 mode 2
Event: 5.100 Thread 0x0000018468d2c330 Uncommon trap: trap_request=0xffffff45 fr.pc=0x0000018478347468 relative=0x0000000000000628
Event: 5.100 Thread 0x0000018468d2c330 Uncommon trap: reason=unstable_if action=reinterpret pc=0x0000018478347468 method=java.lang.AbstractStringBuilder.append(Ljava/lang/String;)Ljava/lang/AbstractStringBuilder; @ 1 c2
Event: 5.100 Thread 0x0000018468d2c330 DEOPT PACKING pc=0x0000018478347468 sp=0x0000000585dfc1e0
Event: 5.100 Thread 0x0000018468d2c330 DEOPT UNPACKING pc=0x0000018477dc69a3 sp=0x0000000585dfc1c8 mode 2
Event: 5.834 Thread 0x0000018468d2c330 Uncommon trap: trap_request=0xffffff45 fr.pc=0x000001847835b374 relative=0x0000000000000414
Event: 5.834 Thread 0x0000018468d2c330 Uncommon trap: reason=unstable_if action=reinterpret pc=0x000001847835b374 method=java.util.regex.Matcher.match(II)Z @ 76 c2
Event: 5.835 Thread 0x0000018468d2c330 DEOPT PACKING pc=0x000001847835b374 sp=0x0000000585dfb4b0
Event: 5.835 Thread 0x0000018468d2c330 DEOPT UNPACKING pc=0x0000018477dc69a3 sp=0x0000000585dfb468 mode 2

Classes unloaded (0 events):
No events

Classes redefined (0 events):
No events

Internal exceptions (18 events):
Event: 0.548 Thread 0x0000018468d2c330 Exception <a 'java/lang/NoSuchMethodError'{0x00000000ffc5fed8}: 'int java.lang.invoke.DirectMethodHandle$Holder.invokeStaticInit(java.lang.Object, java.lang.Object)'> (0x00000000ffc5fed8) 
thrown [s\src\hotspot\share\interpreter\linkResolver.cpp, line 759]
Event: 2.911 Thread 0x0000018468d2c330 Exception <a 'java/lang/NoSuchMethodError'{0x00000000ff64b578}: 'void java.lang.invoke.DirectMethodHandle$Holder.invokeStatic(java.lang.Object, java.lang.Object)'> (0x00000000ff64b578) 
thrown [s\src\hotspot\share\interpreter\linkResolver.cpp, line 759]
Event: 2.981 Thread 0x0000018468d2c330 Exception <a 'java/lang/NoClassDefFoundError'{0x00000000ff6cf5e8}: org/slf4j/impl/StaticMarkerBinder> (0x00000000ff6cf5e8) 
thrown [s\src\hotspot\share\classfile\systemDictionary.cpp, line 245]
Event: 3.024 Thread 0x0000018468d2c330 Exception <a 'java/lang/NoSuchMethodError'{0x00000000ff570100}: 'java.lang.Object java.lang.invoke.DirectMethodHandle$Holder.invokeVirtual(java.lang.Object, java.lang.Object, java.lang.Object, java.lang.Object, java.lang.Object, java.lang.Object, java.lang.Object)'> (0x00000000ff570100) 
thrown [s\src\hotspot\share\interpreter\linkResolver.cpp, line 759]
Event: 3.028 Thread 0x0000018468d2c330 Exception <a 'java/lang/NoSuchMethodError'{0x00000000ff581c60}: 'java.lang.Object java.lang.invoke.Invokers$Holder.invoker(java.lang.Object, java.lang.Object, java.lang.Object)'> (0x00000000ff581c60) 
thrown [s\src\hotspot\share\interpreter\linkResolver.cpp, line 759]
Event: 3.031 Thread 0x0000018468d2c330 Exception <a 'java/lang/NoSuchMethodError'{0x00000000ff58ad30}: 'java.lang.Object java.lang.invoke.DirectMethodHandle$Holder.invokeStatic(java.lang.Object, java.lang.Object, int)'> (0x00000000ff58ad30) 
thrown [s\src\hotspot\share\interpreter\linkResolver.cpp, line 759]
Event: 3.034 Thread 0x0000018468d2c330 Exception <a 'java/lang/NoSuchMethodError'{0x00000000ff596a20}: 'void java.lang.invoke.DelegatingMethodHandle$Holder.delegate(java.lang.Object, java.lang.Object, int, java.lang.Object)'> (0x00000000ff596a20) 
thrown [s\src\hotspot\share\interpreter\linkResolver.cpp, line 759]
Event: 3.036 Thread 0x0000018468d2c330 Exception <a 'java/lang/NoSuchMethodError'{0x00000000ff59ab68}: 'int java.lang.invoke.DirectMethodHandle$Holder.invokeSpecial(java.lang.Object, java.lang.Object, java.lang.Object)'> (0x00000000ff59ab68) 
thrown [s\src\hotspot\share\interpreter\linkResolver.cpp, line 759]
Event: 3.041 Thread 0x0000018468d2c330 Exception <a 'java/lang/NoSuchMethodError'{0x00000000ff5adef0}: 'java.lang.Object java.lang.invoke.Invokers$Holder.invokeExact_MT(java.lang.Object, java.lang.Object, java.lang.Object, java.lang.Object)'> (0x00000000ff5adef0) 
thrown [s\src\hotspot\share\interpreter\linkResolver.cpp, line 759]
Event: 3.453 Thread 0x0000018468d2c330 Exception <a 'java/lang/NoSuchMethodError'{0x00000000ffe2faf0}: 'void java.lang.invoke.DirectMethodHandle$Holder.invokeSpecial(java.lang.Object, java.lang.Object, java.lang.Object)'> (0x00000000ffe2faf0) 
thrown [s\src\hotspot\share\interpreter\linkResolver.cpp, line 759]
Event: 3.500 Thread 0x0000018468d2c330 Implicit null exception at 0x0000018478358c8a to 0x00000184783591d0
Event: 3.500 Thread 0x0000018468d2c330 Implicit null exception at 0x000001847834c10f to 0x000001847834c654
Event: 3.565 Thread 0x0000018468d2c330 Exception <a 'java/lang/NoSuchMethodError'{0x00000000ffd7ea40}: 'java.lang.Object java.lang.invoke.DirectMethodHandle$Holder.invokeStaticInit(java.lang.Object)'> (0x00000000ffd7ea40) 
thrown [s\src\hotspot\share\interpreter\linkResolver.cpp, line 759]
Event: 3.840 Thread 0x0000018468d2c330 Exception <a 'java/lang/NoSuchMethodError'{0x00000000ff959c00}: 'java.lang.Object java.lang.invoke.DirectMethodHandle$Holder.invokeStaticInit(java.lang.Object, int, int, int, int)'> (0x00000000ff959c00) 
thrown [s\src\hotspot\share\interpreter\linkResolver.cpp, line 759]
Event: 4.288 Thread 0x0000018468d2c330 Exception <a 'java/lang/NoSuchMethodError'{0x00000000ff8326e0}: 'java.lang.Object java.lang.invoke.DirectMethodHandle$Holder.invokeStaticInit(java.lang.Object, java.lang.Object, int, int, int, int)'> (0x00000000ff8326e0) 
thrown [s\src\hotspot\share\interpreter\linkResolver.cpp, line 759]
Event: 4.985 Thread 0x0000018468d2c330 Exception <a 'java/lang/NoSuchMethodError'{0x00000000ff8601f0}: 'void java.lang.invoke.DirectMethodHandle$Holder.invokeStatic(java.lang.Object, java.lang.Object, java.lang.Object)'> (0x00000000ff8601f0) 
thrown [s\src\hotspot\share\interpreter\linkResolver.cpp, line 759]
Event: 5.099 Thread 0x0000018468d2c330 Implicit null exception at 0x00000184783461f2 to 0x00000184783467c0
Event: 5.100 Thread 0x0000018468d2c330 Implicit null exception at 0x0000018478346e72 to 0x0000018478347450

VM Operations (20 events):
Event: 11.830 Executing VM operation: Cleanup
Event: 11.830 Executing VM operation: Cleanup done
Event: 12.833 Executing VM operation: Cleanup
Event: 12.833 Executing VM operation: Cleanup done
Event: 17.871 Executing VM operation: Cleanup
Event: 17.871 Executing VM operation: Cleanup done
Event: 19.886 Executing VM operation: Cleanup
Event: 19.886 Executing VM operation: Cleanup done
Event: 20.900 Executing VM operation: Cleanup
Event: 20.900 Executing VM operation: Cleanup done
Event: 24.550 Executing VM operation: HandshakeAllThreads
Event: 24.550 Executing VM operation: HandshakeAllThreads done
Event: 24.550 Executing VM operation: Cleanup
Event: 24.550 Executing VM operation: Cleanup done
Event: 25.564 Executing VM operation: Cleanup
Event: 25.564 Executing VM operation: Cleanup done
Event: 29.598 Executing VM operation: Cleanup
Event: 29.598 Executing VM operation: Cleanup done
Event: 31.606 Executing VM operation: Cleanup
Event: 31.606 Executing VM operation: Cleanup done

Events (20 events):
Event: 23.095 loading class jdk/internal/reflect/ByteVectorImpl
Event: 23.095 loading class jdk/internal/reflect/ByteVector
Event: 23.095 loading class jdk/internal/reflect/ByteVector done
Event: 23.095 loading class jdk/internal/reflect/ByteVectorImpl done
Event: 23.095 loading class jdk/internal/reflect/ClassFileAssembler
Event: 23.096 loading class jdk/internal/reflect/ClassFileAssembler done
Event: 23.096 loading class jdk/internal/reflect/UTF8
Event: 23.096 loading class jdk/internal/reflect/UTF8 done
Event: 23.097 loading class jdk/internal/reflect/Label
Event: 23.098 loading class jdk/internal/reflect/Label done
Event: 23.098 loading class jdk/internal/reflect/Label$PatchInfo
Event: 23.098 loading class jdk/internal/reflect/Label$PatchInfo done
Event: 23.098 loading class jdk/internal/reflect/MethodAccessorGenerator$1
Event: 23.098 loading class jdk/internal/reflect/MethodAccessorGenerator$1 done
Event: 23.098 loading class jdk/internal/reflect/ClassDefiner
Event: 23.098 loading class jdk/internal/reflect/ClassDefiner done
Event: 23.098 loading class jdk/internal/reflect/ClassDefiner$1
Event: 23.098 loading class jdk/internal/reflect/ClassDefiner$1 done
Event: 24.549 loading class java/util/ArrayList$ListItr
Event: 24.549 loading class java/util/ArrayList$ListItr done


Dynamic libraries:
0x00007ff7c62f0000 - 0x00007ff7c62fe000 	C:\Program Files\Amazon Corretto\jdk17.0.11_9\bin\java.exe
0x00007ffc47d70000 - 0x00007ffc47f87000 	C:\WINDOWS\SYSTEM32\ntdll.dll
0x00007ffc45e10000 - 0x00007ffc45ed4000 	C:\WINDOWS\System32\KERNEL32.DLL
0x00007ffc455c0000 - 0x00007ffc4596c000 	C:\WINDOWS\System32\KERNELBASE.dll
0x00007ffc450a0000 - 0x00007ffc451b1000 	C:\WINDOWS\System32\ucrtbase.dll
0x00007ffc226b0000 - 0x00007ffc226c7000 	C:\Program Files\Amazon Corretto\jdk17.0.11_9\bin\jli.dll
0x00007ffc45ee0000 - 0x00007ffc4608e000 	C:\WINDOWS\System32\USER32.dll
0x00007ffc45520000 - 0x00007ffc45546000 	C:\WINDOWS\System32\win32u.dll
0x00007ffc46970000 - 0x00007ffc46999000 	C:\WINDOWS\System32\GDI32.dll
0x00007ffc451c0000 - 0x00007ffc452d9000 	C:\WINDOWS\System32\gdi32full.dll
0x00007ffc452e0000 - 0x00007ffc4537a000 	C:\WINDOWS\System32\msvcp_win.dll
0x00007ffc22690000 - 0x00007ffc226ab000 	C:\Program Files\Amazon Corretto\jdk17.0.11_9\bin\VCRUNTIME140.dll
0x00007ffc35af0000 - 0x00007ffc35d83000 	C:\WINDOWS\WinSxS\amd64_microsoft.windows.common-controls_6595b64144ccf1df_6.0.22621.3672_none_2713b9d173822955\COMCTL32.dll
0x00007ffc45ab0000 - 0x00007ffc45b57000 	C:\WINDOWS\System32\msvcrt.dll
0x00007ffc45b60000 - 0x00007ffc45b91000 	C:\WINDOWS\System32\IMM32.DLL
0x00007ffc35170000 - 0x00007ffc3517c000 	C:\Program Files\Amazon Corretto\jdk17.0.11_9\bin\vcruntime140_1.dll
0x00007ffc13df0000 - 0x00007ffc13e7d000 	C:\Program Files\Amazon Corretto\jdk17.0.11_9\bin\msvcp140.dll
0x00007ffbfd910000 - 0x00007ffbfe572000 	C:\Program Files\Amazon Corretto\jdk17.0.11_9\bin\server\jvm.dll
0x00007ffc464d0000 - 0x00007ffc46582000 	C:\WINDOWS\System32\ADVAPI32.dll
0x00007ffc46660000 - 0x00007ffc4670a000 	C:\WINDOWS\System32\sechost.dll
0x00007ffc45380000 - 0x00007ffc453a8000 	C:\WINDOWS\System32\bcrypt.dll
0x00007ffc47200000 - 0x00007ffc47315000 	C:\WINDOWS\System32\RPCRT4.dll
0x00007ffc44f60000 - 0x00007ffc44fad000 	C:\WINDOWS\SYSTEM32\POWRPROF.dll
0x00007ffc3fb80000 - 0x00007ffc3fb89000 	C:\WINDOWS\SYSTEM32\WSOCK32.dll
0x00007ffc46870000 - 0x00007ffc468e1000 	C:\WINDOWS\System32\WS2_32.dll
0x00007ffc40920000 - 0x00007ffc40954000 	C:\WINDOWS\SYSTEM32\WINMM.dll
0x00007ffc3c430000 - 0x00007ffc3c43a000 	C:\WINDOWS\SYSTEM32\VERSION.dll
0x00007ffc44f40000 - 0x00007ffc44f53000 	C:\WINDOWS\SYSTEM32\UMPDC.dll
0x00007ffc440a0000 - 0x00007ffc440b8000 	C:\WINDOWS\SYSTEM32\kernel.appcore.dll
0x00007ffc34300000 - 0x00007ffc3430a000 	C:\Program Files\Amazon Corretto\jdk17.0.11_9\bin\jimage.dll
0x00007ffc42aa0000 - 0x00007ffc42cd2000 	C:\WINDOWS\SYSTEM32\DBGHELP.DLL
0x00007ffc479a0000 - 0x00007ffc47d28000 	C:\WINDOWS\System32\combase.dll
0x00007ffc45d30000 - 0x00007ffc45e07000 	C:\WINDOWS\System32\OLEAUT32.dll
0x00007ffc2c0f0000 - 0x00007ffc2c122000 	C:\WINDOWS\SYSTEM32\dbgcore.DLL
0x00007ffc45a30000 - 0x00007ffc45aab000 	C:\WINDOWS\System32\bcryptPrimitives.dll
0x00007ffc22660000 - 0x00007ffc22685000 	C:\Program Files\Amazon Corretto\jdk17.0.11_9\bin\java.dll
0x00007ffc10260000 - 0x00007ffc10337000 	C:\Program Files\Amazon Corretto\jdk17.0.11_9\bin\jsvml.dll
0x00007ffc469a0000 - 0x00007ffc471fc000 	C:\WINDOWS\System32\SHELL32.dll
0x00007ffc42fa0000 - 0x00007ffc43897000 	C:\WINDOWS\SYSTEM32\windows.storage.dll
0x00007ffc42e60000 - 0x00007ffc42f9f000 	C:\WINDOWS\SYSTEM32\wintypes.dll
0x00007ffc47420000 - 0x00007ffc47514000 	C:\WINDOWS\System32\SHCORE.dll
0x00007ffc46090000 - 0x00007ffc460ee000 	C:\WINDOWS\System32\shlwapi.dll
0x00007ffc44fd0000 - 0x00007ffc44ff1000 	C:\WINDOWS\SYSTEM32\profapi.dll
0x00007ffc22640000 - 0x00007ffc22659000 	C:\Program Files\Amazon Corretto\jdk17.0.11_9\bin\net.dll
0x00007ffc40f80000 - 0x00007ffc410b6000 	C:\WINDOWS\SYSTEM32\WINHTTP.dll
0x00007ffc44520000 - 0x00007ffc44589000 	C:\WINDOWS\system32\mswsock.dll
0x00007ffc19350000 - 0x00007ffc19366000 	C:\Program Files\Amazon Corretto\jdk17.0.11_9\bin\nio.dll
0x00007ffc19130000 - 0x00007ffc19148000 	C:\Program Files\Amazon Corretto\jdk17.0.11_9\bin\zip.dll
0x00007ffc33be0000 - 0x00007ffc33bf0000 	C:\Program Files\Amazon Corretto\jdk17.0.11_9\bin\verify.dll
0x00007ffc12ab0000 - 0x00007ffc12ad7000 	C:\Users\LENOVO\.gradle\native\68d5fa5c4cc2d200863cafc0d521ce42e7d3e7ee720ec0a83991735586a16f82\windows-amd64\native-platform.dll
0x00007ffc364b0000 - 0x00007ffc364ba000 	C:\Users\LENOVO\.gradle\native\jansi\1.18\windows64\jansi.dll
0x00007ffc332d0000 - 0x00007ffc332d9000 	C:\Program Files\Amazon Corretto\jdk17.0.11_9\bin\management.dll
0x00007ffc33250000 - 0x00007ffc3325b000 	C:\Program Files\Amazon Corretto\jdk17.0.11_9\bin\management_ext.dll
0x00007ffc45c50000 - 0x00007ffc45c58000 	C:\WINDOWS\System32\PSAPI.DLL
0x00007ffc447a0000 - 0x00007ffc447bb000 	C:\WINDOWS\SYSTEM32\CRYPTSP.dll
0x00007ffc44000000 - 0x00007ffc44035000 	C:\WINDOWS\system32\rsaenh.dll
0x00007ffc44640000 - 0x00007ffc44668000 	C:\WINDOWS\SYSTEM32\USERENV.dll
0x00007ffc447c0000 - 0x00007ffc447cc000 	C:\WINDOWS\SYSTEM32\CRYPTBASE.dll
0x00007ffc43b40000 - 0x00007ffc43b6d000 	C:\WINDOWS\SYSTEM32\IPHLPAPI.DLL
0x00007ffc465e0000 - 0x00007ffc465e9000 	C:\WINDOWS\System32\NSI.dll
0x00007ffc41490000 - 0x00007ffc414a9000 	C:\WINDOWS\SYSTEM32\dhcpcsvc6.DLL
0x00007ffc41470000 - 0x00007ffc4148f000 	C:\WINDOWS\SYSTEM32\dhcpcsvc.DLL
0x00007ffc43b70000 - 0x00007ffc43c68000 	C:\WINDOWS\SYSTEM32\DNSAPI.dll
0x00007ffc32a00000 - 0x00007ffc32a09000 	C:\Program Files\Amazon Corretto\jdk17.0.11_9\bin\extnet.dll
0x00007ffc31490000 - 0x00007ffc3149e000 	C:\Program Files\Amazon Corretto\jdk17.0.11_9\bin\sunmscapi.dll
0x00007ffc453b0000 - 0x00007ffc45517000 	C:\WINDOWS\System32\CRYPT32.dll
0x00007ffc44940000 - 0x00007ffc4496e000 	C:\WINDOWS\SYSTEM32\ncrypt.dll
0x00007ffc44900000 - 0x00007ffc44937000 	C:\WINDOWS\SYSTEM32\NTASN1.dll
0x00007ffc32d40000 - 0x00007ffc32d48000 	C:\WINDOWS\system32\wshunix.dll

dbghelp: loaded successfully - version: 4.0.5 - missing functions: none
symbol engine: initialized successfully - sym options: 0x614 - pdb path: .;C:\Program Files\Amazon Corretto\jdk17.0.11_9\bin;C:\WINDOWS\SYSTEM32;C:\WINDOWS\WinSxS\amd64_microsoft.windows.common-controls_6595b64144ccf1df_6.0.22621.3672_none_2713b9d173822955;C:\Program Files\Amazon Corretto\jdk17.0.11_9\bin\server;C:\Users\LENOVO\.gradle\native\68d5fa5c4cc2d200863cafc0d521ce42e7d3e7ee720ec0a83991735586a16f82\windows-amd64;C:\Users\LENOVO\.gradle\native\jansi\1.18\windows64

VM Arguments:
jvm_args: -Xmx64m -Xms64m -Dorg.gradle.appname=gradlew 
java_command: org.gradle.wrapper.GradleWrapperMain app:installDebug -PreactNativeDevServerPort=8081
java_class_path (initial): C:\Users\LENOVO\Aproject\android\\gradle\wrapper\gradle-wrapper.jar
Launcher Type: SUN_STANDARD

[Global flags]
     intx CICompilerCount                          = 3                                         {product} {ergonomic}
     uint ConcGCThreads                            = 1                                         {product} {ergonomic}
     uint G1ConcRefinementThreads                  = 4                                         {product} {ergonomic}
   size_t G1HeapRegionSize                         = 1048576                                   {product} {ergonomic}
    uintx GCDrainStackTargetSize                   = 64                                        {product} {ergonomic}
   size_t InitialHeapSize                          = 67108864                                  {product} {command line}
   size_t MarkStackSize                            = 4194304                                   {product} {ergonomic}
   size_t MaxHeapSize                              = 67108864                                  {product} {command line}
   size_t MaxNewSize                               = 39845888                                  {product} {ergonomic}
   size_t MinHeapDeltaBytes                        = 1048576                                   {product} {ergonomic}
   size_t MinHeapSize                              = 67108864                                  {product} {command line}
    uintx NonNMethodCodeHeapSize                   = 5832780                                {pd product} {ergonomic}
    uintx NonProfiledCodeHeapSize                  = 122912730                              {pd product} {ergonomic}
    uintx ProfiledCodeHeapSize                     = 122912730                              {pd product} {ergonomic}
    uintx ReservedCodeCacheSize                    = 251658240                              {pd product} {ergonomic}
     bool SegmentedCodeCache                       = true                                      {product} {ergonomic}
   size_t SoftMaxHeapSize                          = 67108864                               {manageable} {ergonomic}
     bool UseCompressedClassPointers               = true                           {product lp64_product} {ergonomic}
     bool UseCompressedOops                        = true                           {product lp64_product} {ergonomic}
     bool UseG1GC                                  = true                                      {product} {ergonomic}
     bool UseLargePagesIndividualAllocation        = false                                  {pd product} {ergonomic}

Logging:
Log output configuration:
 #0: stdout all=warning uptime,level,tags
 #1: stderr all=off uptime,level,tags

Environment Variables:
JAVA_HOME=C:\Program Files\Amazon Corretto\jdk17.0.11_9
CLASSPATH=C:\Users\LENOVO\Aproject\android\\gradle\wrapper\gradle-wrapper.jar
PATH=C:\Users\LENOVO\Aproject\node_modules\.bin;C:\Users\LENOVO\node_modules\.bin;C:\Users\node_modules\.bin;C:\node_modules\.bin;C:\Users\LENOVO\AppData\Roaming\npm\node_modules\npm\node_modules\@npmcli\run-script\lib\node-gyp-bin;C:\Program Files\Amazon Corretto\jdk17.0.11_9\bin;C:\WINDOWS\system32;C:\WINDOWS;C:\WINDOWS\System32\Wbem;C:\WINDOWS\System32\WindowsPowerShell\v1.0\;C:\WINDOWS\System32\OpenSSH\;C:\Program Files\Microsoft SQL Server\150\Tools\Binn\;C:\Program Files\Microsoft SQL Server\Client SDK\ODBC\170\Tools\Binn\;C:\Program Files\dotnet\;C:\Program Files\Git\cmd;C:\Program Files\nodejs\;C:\Users\LENOVO\AppData\Local\Programs\Python\Python310\Scripts\;C:\Users\LENOVO\AppData\Local\Programs\Python\Python310\;C:\Users\LENOVO\AppData\Local\Microsoft\WindowsApps;C:\Users\LENOVO\.dotnet\tools;C:\Users\LENOVO\AppData\Local\Programs\Microsoft VS Code\bin;C:\Users\LENOVO\AppData\Roaming\npm;C:\Users\LENOVO\AppData\Local\Android\Sdk\platform-tools;
USERNAME=LENOVO
OS=Windows_NT
PROCESSOR_IDENTIFIER=AMD64 Family 23 Model 24 Stepping 1, AuthenticAMD
TMP=C:\Users\LENOVO\AppData\Local\Temp
TEMP=C:\Users\LENOVO\AppData\Local\Temp



Periodic native trim disabled


---------------  S Y S T E M  ---------------

OS:
 Windows 11 , 64 bit Build 22621 (10.0.22621.3672)
OS uptime: 7 days 19:51 hours
Hyper-V role detected

CPU: total 4 (initial active 4) (4 cores per cpu, 2 threads per core) family 23 model 24 stepping 1 microcode 0x0, cx8, cmov, fxsr, ht, mmx, 3dnowpref, sse, sse2, sse3, ssse3, sse4a, sse4.1, sse4.2, popcnt, lzcnt, tsc, tscinvbit, avx, avx2, aes, clmul, bmi1, bmi2, adx, sha, fma, vzeroupper, clflush, clflushopt, hv
Processor Information for all 4 processors :
  Max Mhz: 2400, Current Mhz: 2400, Mhz Limit: 2400

Memory: 4k page, system-wide physical 6020M (210M free)
TotalPageFile size 14212M (AvailPageFile size 0M)
current process WorkingSet (physical memory assigned to process): 82M, peak: 83M
current process commit charge ("private bytes"): 153M, peak: 155M

vm_info: OpenJDK 64-Bit Server VM (17.0.11+9-LTS) for windows-amd64 JRE (17.0.11+9-LTS), built on Apr 10 2024 22:12:24 by "Administrator" with MS VC++ 16.10 / 16.11 (VS2019)

END.
