#
# There is insufficient memory for the Java Runtime Environment to continue.
# Native memory allocation (mmap) failed to map 100663296 bytes. Error detail: G1 virtual space
# Possible reasons:
#   The system is out of physical RAM or swap space
#   This process is running with CompressedOops enabled, and the Java Heap may be blocking the growth of the native heap
# Possible solutions:
#   Reduce memory load on the system
#   Increase physical memory or swap space
#   Check if swap backing store is full
#   Decrease Java heap size (-Xmx/-Xms)
#   Decrease number of Java threads
#   Decrease Java thread stack sizes (-Xss)
#   Set larger code cache with -XX:ReservedCodeCacheSize=
#   JVM is running with Unscaled Compressed Oops mode in which the Java heap is
#     placed in the first 4GB address space. The Java Heap base address is the
#     maximum limit for the native heap growth. Please use -XX:HeapBaseMinAddress
#     to set the Java Heap base and to place the Java Heap above 4GB virtual address.
# This output file may be truncated or incomplete.
#
#  Out of Memory Error (os_windows.cpp:3613), pid=18664, tid=10492
#
# JRE version:  (17.0.11+9) (build )
# Java VM: OpenJDK 64-Bit Server VM (17.0.11+9-LTS, mixed mode, sharing, tiered, compressed oops, compressed class ptrs, g1 gc, windows-amd64)
# No core dump will be written. Minidumps are not enabled by default on client versions of Windows
#

---------------  S U M M A R Y ------------

Command Line: org.jetbrains.kotlin.cli.jvm.K2JVMCompiler @C:\Users\LENOVO\Aproject\node_modules\react-native-safe-area-context\android\build\20240701_14784654470996485668.compiler.options

Host: AMD Athlon Gold 3150U with Radeon Graphics     , 4 cores, 5G,  Windows 11 , 64 bit Build 22621 (10.0.22621.3672)
Time: Mon Jul  1 20:01:53 2024 Malay Peninsula Standard Time elapsed time: 0.103823 seconds (0d 0h 0m 0s)

---------------  T H R E A D  ---------------

Current thread (0x000001c32d7bd7c0):  JavaThread "Unknown thread" [_thread_in_vm, id=10492, stack(0x000000a6c8400000,0x000000a6c8500000)]

Stack: [0x000000a6c8400000,0x000000a6c8500000]
Native frames: (J=compiled Java code, j=interpreted, Vv=VM code, C=native code)
V  [jvm.dll+0x67d009]
V  [jvm.dll+0x83489a]
V  [jvm.dll+0x83635e]
V  [jvm.dll+0x8369c3]
V  [jvm.dll+0x2479df]
V  [jvm.dll+0x679e49]
V  [jvm.dll+0x66e8ba]
V  [jvm.dll+0x30755b]
V  [jvm.dll+0x30ea06]
V  [jvm.dll+0x35e40e]
V  [jvm.dll+0x35e63f]
V  [jvm.dll+0x2de298]
V  [jvm.dll+0x2df204]
V  [jvm.dll+0x806221]
V  [jvm.dll+0x36c161]
V  [jvm.dll+0x7e4c56]
V  [jvm.dll+0x3ef9cf]
V  [jvm.dll+0x3f1521]
C  [jli.dll+0x528f]
C  [ucrtbase.dll+0x29333]
C  [KERNEL32.DLL+0x1257d]
C  [ntdll.dll+0x5af28]


---------------  P R O C E S S  ---------------

Threads class SMR info:
_java_thread_list=0x00007ffbfe43eed8, length=0, elements={
}

Java Threads: ( => current thread )

Other Threads:
  0x000001c32d8e8080 GCTaskThread "GC Thread#0" [stack: 0x000000a6c8600000,0x000000a6c8700000] [id=4700]
  0x000001c32d8f4c10 ConcurrentGCThread "G1 Main Marker" [stack: 0x000000a6c8700000,0x000000a6c8800000] [id=15464]
  0x000001c32d8f6640 ConcurrentGCThread "G1 Conc#0" [stack: 0x000000a6c8800000,0x000000a6c8900000] [id=25256]

[error occurred during error reporting (printing all threads), id 0xc0000005, EXCEPTION_ACCESS_VIOLATION (0xc0000005) at pc=0x00007ffbfdbfecd7]

VM state: not at safepoint (not fully initialized)

VM Mutex/Monitor currently owned by a thread:  ([mutex/lock_event])
[0x000001c32d89d930] Heap_lock - owner thread: 0x000001c32d7bd7c0

Heap address: 0x00000000a1e00000, size: 1506 MB, Compressed Oops mode: 32-bit

CDS archive(s) mapped at: [0x0000000000000000-0x0000000000000000-0x0000000000000000), size 0, SharedBaseAddress: 0x0000000800000000, ArchiveRelocationMode: 1.
Narrow klass base: 0x0000000000000000, Narrow klass shift: 0, Narrow klass range: 0x0

GC Precious Log:
<Empty>

Heap:
 garbage-first heap   total 0K, used 0K [0x00000000a1e00000, 0x0000000100000000)
  region size 1024K, 0 young (0K), 0 survivors (0K)

[error occurred during error reporting (printing heap information), id 0xc0000005, EXCEPTION_ACCESS_VIOLATION (0xc0000005) at pc=0x00007ffbfdfe6d29]

GC Heap History (0 events):
No events

Dll operation events (1 events):
Event: 0.071 Loaded shared library C:\Program Files\Amazon Corretto\jdk17.0.11_9\bin\java.dll

Deoptimization events (0 events):
No events

Classes unloaded (0 events):
No events

Classes redefined (0 events):
No events

Internal exceptions (0 events):
No events

VM Operations (0 events):
No events

Events (0 events):
No events


Dynamic libraries:
0x00007ff7c62f0000 - 0x00007ff7c62fe000 	C:\Program Files\Amazon Corretto\jdk17.0.11_9\bin\java.exe
0x00007ffc47d70000 - 0x00007ffc47f87000 	C:\WINDOWS\SYSTEM32\ntdll.dll
0x00007ffc45e10000 - 0x00007ffc45ed4000 	C:\WINDOWS\System32\KERNEL32.DLL
0x00007ffc455c0000 - 0x00007ffc4596c000 	C:\WINDOWS\System32\KERNELBASE.dll
0x00007ffc450a0000 - 0x00007ffc451b1000 	C:\WINDOWS\System32\ucrtbase.dll
0x00007ffc226b0000 - 0x00007ffc226c7000 	C:\Program Files\Amazon Corretto\jdk17.0.11_9\bin\jli.dll
0x00007ffc45ee0000 - 0x00007ffc4608e000 	C:\WINDOWS\System32\USER32.dll
0x00007ffc45520000 - 0x00007ffc45546000 	C:\WINDOWS\System32\win32u.dll
0x00007ffc46970000 - 0x00007ffc46999000 	C:\WINDOWS\System32\GDI32.dll
0x00007ffc451c0000 - 0x00007ffc452d9000 	C:\WINDOWS\System32\gdi32full.dll
0x00007ffc452e0000 - 0x00007ffc4537a000 	C:\WINDOWS\System32\msvcp_win.dll
0x00007ffc22690000 - 0x00007ffc226ab000 	C:\Program Files\Amazon Corretto\jdk17.0.11_9\bin\VCRUNTIME140.dll
0x00007ffc35af0000 - 0x00007ffc35d83000 	C:\WINDOWS\WinSxS\amd64_microsoft.windows.common-controls_6595b64144ccf1df_6.0.22621.3672_none_2713b9d173822955\COMCTL32.dll
0x00007ffc45ab0000 - 0x00007ffc45b57000 	C:\WINDOWS\System32\msvcrt.dll
0x00007ffc45b60000 - 0x00007ffc45b91000 	C:\WINDOWS\System32\IMM32.DLL
0x00007ffc35170000 - 0x00007ffc3517c000 	C:\Program Files\Amazon Corretto\jdk17.0.11_9\bin\vcruntime140_1.dll
0x00007ffc13df0000 - 0x00007ffc13e7d000 	C:\Program Files\Amazon Corretto\jdk17.0.11_9\bin\msvcp140.dll
0x00007ffbfd910000 - 0x00007ffbfe572000 	C:\Program Files\Amazon Corretto\jdk17.0.11_9\bin\server\jvm.dll
0x00007ffc464d0000 - 0x00007ffc46582000 	C:\WINDOWS\System32\ADVAPI32.dll
0x00007ffc46660000 - 0x00007ffc4670a000 	C:\WINDOWS\System32\sechost.dll
0x00007ffc45380000 - 0x00007ffc453a8000 	C:\WINDOWS\System32\bcrypt.dll
0x00007ffc47200000 - 0x00007ffc47315000 	C:\WINDOWS\System32\RPCRT4.dll
0x00007ffc44f60000 - 0x00007ffc44fad000 	C:\WINDOWS\SYSTEM32\POWRPROF.dll
0x00007ffc3fb80000 - 0x00007ffc3fb89000 	C:\WINDOWS\SYSTEM32\WSOCK32.dll
0x00007ffc46870000 - 0x00007ffc468e1000 	C:\WINDOWS\System32\WS2_32.dll
0x00007ffc40920000 - 0x00007ffc40954000 	C:\WINDOWS\SYSTEM32\WINMM.dll
0x00007ffc3c430000 - 0x00007ffc3c43a000 	C:\WINDOWS\SYSTEM32\VERSION.dll
0x00007ffc44f40000 - 0x00007ffc44f53000 	C:\WINDOWS\SYSTEM32\UMPDC.dll
0x00007ffc440a0000 - 0x00007ffc440b8000 	C:\WINDOWS\SYSTEM32\kernel.appcore.dll
0x00007ffc34300000 - 0x00007ffc3430a000 	C:\Program Files\Amazon Corretto\jdk17.0.11_9\bin\jimage.dll
0x00007ffc42aa0000 - 0x00007ffc42cd2000 	C:\WINDOWS\SYSTEM32\DBGHELP.DLL
0x00007ffc479a0000 - 0x00007ffc47d28000 	C:\WINDOWS\System32\combase.dll
0x00007ffc45d30000 - 0x00007ffc45e07000 	C:\WINDOWS\System32\OLEAUT32.dll
0x00007ffc2c0f0000 - 0x00007ffc2c122000 	C:\WINDOWS\SYSTEM32\dbgcore.DLL
0x00007ffc45a30000 - 0x00007ffc45aab000 	C:\WINDOWS\System32\bcryptPrimitives.dll
0x00007ffc22660000 - 0x00007ffc22685000 	C:\Program Files\Amazon Corretto\jdk17.0.11_9\bin\java.dll

dbghelp: loaded successfully - version: 4.0.5 - missing functions: none
symbol engine: initialized successfully - sym options: 0x614 - pdb path: .;C:\Program Files\Amazon Corretto\jdk17.0.11_9\bin;C:\WINDOWS\SYSTEM32;C:\WINDOWS\WinSxS\amd64_microsoft.windows.common-controls_6595b64144ccf1df_6.0.22621.3672_none_2713b9d173822955;C:\Program Files\Amazon Corretto\jdk17.0.11_9\bin\server

VM Arguments:
java_command: org.jetbrains.kotlin.cli.jvm.K2JVMCompiler @C:\Users\LENOVO\Aproject\node_modules\react-native-safe-area-context\android\build\20240701_14784654470996485668.compiler.options
java_class_path (initial): C:\Users\LENOVO\.gradle\caches\modules-2\files-2.1\org.jetbrains.kotlin\kotlin-compiler-embeddable\1.8.0\eb9118d4bcceaa2a94b2ae2a33a4ddba7c9a947f\kotlin-compiler-embeddable-1.8.0.jar;C:\Users\LENOVO\.gradle\caches\modules-2\files-2.1\org.jetbrains.kotlin\kotlin-stdlib\1.8.0\1796921c7a3e2e2665a83e6c8d33399336cd39bc\kotlin-stdlib-1.8.0.jar;C:\Users\LENOVO\.gradle\caches\modules-2\files-2.1\org.jetbrains.kotlin\kotlin-script-runtime\1.8.0\b2f7e760d283cb339974851c222a4c1d48f2d3d\kotlin-script-runtime-1.8.0.jar;C:\Users\LENOVO\.gradle\caches\modules-2\files-2.1\org.jetbrains.kotlin\kotlin-reflect\1.6.10\1cbe9c92c12a94eea200d23c2bbaedaf3daf5132\kotlin-reflect-1.6.10.jar;C:\Users\LENOVO\.gradle\caches\modules-2\files-2.1\org.jetbrains.kotlin\kotlin-daemon-embeddable\1.8.0\d255216c551685dc3a7e852b53617f5f01aaaa5c\kotlin-daemon-embeddable-1.8.0.jar;C:\Users\LENOVO\.gradle\caches\modules-2\files-2.1\org.jetbrains.intellij.deps\trove4j\1.0.20200330\3afb14d5f9ceb459d724e907a21145e8ff394f02\trove4j-1.0.20200330.jar;C:\Users\LENOVO\.gradle\caches\modules-2\files-2.1\net.java.dev.jna\jna\5.6.0\330f2244e9030119ab3030fc3fededc86713d9cc\jna-5.6.0.jar;C:\Users\LENOVO\.gradle\caches\modules-2\files-2.1\org.jetbrains.kotlin\kotlin-stdlib-common\1.8.0\f7197e7cc76453ac59f8b0f8d5137cc600becd36\kotlin-stdlib-common-1.8.0.jar;C:\Users\LENOVO\.gradle\caches\modules-2\files-2.1\org.jetbrains\annotations\13.0\919f0dfe192fb4e063e7dacadee7f8bb9a2672a9\annotations-13.0.jar
Launcher Type: SUN_STANDARD

[Global flags]
     intx CICompilerCount                          = 3                                         {product} {ergonomic}
     uint ConcGCThreads                            = 1                                         {product} {ergonomic}
     uint G1ConcRefinementThreads                  = 4                                         {product} {ergonomic}
   size_t G1HeapRegionSize                         = 1048576                                   {product} {ergonomic}
    uintx GCDrainStackTargetSize                   = 64                                        {product} {ergonomic}
   size_t InitialHeapSize                          = 100663296                                 {product} {ergonomic}
   size_t MarkStackSize                            = 4194304                                   {product} {ergonomic}
   size_t MaxHeapSize                              = 1579155456                                {product} {ergonomic}
   size_t MinHeapDeltaBytes                        = 1048576                                   {product} {ergonomic}
   size_t MinHeapSize                              = 8388608                                   {product} {ergonomic}
    uintx NonNMethodCodeHeapSize                   = 5832780                                {pd product} {ergonomic}
    uintx NonProfiledCodeHeapSize                  = 122912730                              {pd product} {ergonomic}
    uintx ProfiledCodeHeapSize                     = 122912730                              {pd product} {ergonomic}
    uintx ReservedCodeCacheSize                    = 251658240                              {pd product} {ergonomic}
     bool SegmentedCodeCache                       = true                                      {product} {ergonomic}
   size_t SoftMaxHeapSize                          = 1579155456                             {manageable} {ergonomic}
     bool UseCompressedClassPointers               = true                           {product lp64_product} {ergonomic}
     bool UseCompressedOops                        = true                           {product lp64_product} {ergonomic}
     bool UseG1GC                                  = true                                      {product} {ergonomic}
     bool UseLargePagesIndividualAllocation        = false                                  {pd product} {ergonomic}

Logging:
Log output configuration:
 #0: stdout all=warning uptime,level,tags
 #1: stderr all=off uptime,level,tags

Environment Variables:
JAVA_HOME=C:\Program Files\Amazon Corretto\jdk17.0.11_9
CLASSPATH=C:\Users\LENOVO\Aproject\android\\gradle\wrapper\gradle-wrapper.jar
PATH=C:\Users\LENOVO\Aproject\node_modules\.bin;C:\Users\LENOVO\node_modules\.bin;C:\Users\node_modules\.bin;C:\node_modules\.bin;C:\Users\LENOVO\AppData\Roaming\npm\node_modules\npm\node_modules\@npmcli\run-script\lib\node-gyp-bin;C:\Program Files\Amazon Corretto\jdk17.0.11_9\bin;C:\WINDOWS\system32;C:\WINDOWS;C:\WINDOWS\System32\Wbem;C:\WINDOWS\System32\WindowsPowerShell\v1.0\;C:\WINDOWS\System32\OpenSSH\;C:\Program Files\Microsoft SQL Server\150\Tools\Binn\;C:\Program Files\Microsoft SQL Server\Client SDK\ODBC\170\Tools\Binn\;C:\Program Files\dotnet\;C:\Program Files\Git\cmd;C:\Program Files\nodejs\;C:\Users\LENOVO\AppData\Local\Programs\Python\Python310\Scripts\;C:\Users\LENOVO\AppData\Local\Programs\Python\Python310\;C:\Users\LENOVO\AppData\Local\Microsoft\WindowsApps;C:\Users\LENOVO\.dotnet\tools;C:\Users\LENOVO\AppData\Local\Programs\Microsoft VS Code\bin;C:\Users\LENOVO\AppData\Roaming\npm;C:\Users\LENOVO\AppData\Local\Android\Sdk\platform-tools;
USERNAME=LENOVO
OS=Windows_NT
PROCESSOR_IDENTIFIER=AMD64 Family 23 Model 24 Stepping 1, AuthenticAMD
TMP=C:\Users\LENOVO\AppData\Local\Temp
TEMP=C:\Users\LENOVO\AppData\Local\Temp



Periodic native trim disabled


---------------  S Y S T E M  ---------------

OS:
 Windows 11 , 64 bit Build 22621 (10.0.22621.3672)
OS uptime: 7 days 20:27 hours
Hyper-V role detected

CPU: total 4 (initial active 4) (4 cores per cpu, 2 threads per core) family 23 model 24 stepping 1 microcode 0x0, cx8, cmov, fxsr, ht, mmx, 3dnowpref, sse, sse2, sse3, ssse3, sse4a, sse4.1, sse4.2, popcnt, lzcnt, tsc, tscinvbit, avx, avx2, aes, clmul, bmi1, bmi2, adx, sha, fma, vzeroupper, clflush, clflushopt, hv
Processor Information for all 4 processors :
  Max Mhz: 2400, Current Mhz: 2400, Mhz Limit: 2400

Memory: 4k page, system-wide physical 6020M (583M free)
TotalPageFile size 14212M (AvailPageFile size 53M)
current process WorkingSet (physical memory assigned to process): 11M, peak: 11M
current process commit charge ("private bytes"): 52M, peak: 147M

vm_info: OpenJDK 64-Bit Server VM (17.0.11+9-LTS) for windows-amd64 JRE (17.0.11+9-LTS), built on Apr 10 2024 22:12:24 by "Administrator" with MS VC++ 16.10 / 16.11 (VS2019)

END.
